<?xml version="1.0" encoding="UTF-8"?>
<testng-results ignored="0" total="1" passed="1" failed="0" skipped="0">
  <reporter-output>
  </reporter-output>
  <suite started-at="2023-08-13T22:51:00 IST" name="Default suite" finished-at="2023-08-13T22:51:21 IST" duration-ms="21172">
    <groups>
    </groups>
    <test started-at="2023-08-13T22:51:00 IST" name="Default test" finished-at="2023-08-13T22:51:21 IST" duration-ms="21172">
      <class name="Demo">
        <test-method is-config="true" signature="launchApplication()[pri:0, instance:Demo@23c30a20]" started-at="2023-08-13T22:51:00 IST" name="launchApplication" finished-at="2023-08-13T22:51:04 IST" duration-ms="4211" status="PASS">
          <reporter-output>
          </reporter-output>
        </test-method> <!-- launchApplication -->
        <test-method signature="verifyDragandDrop()[pri:0, instance:Demo@23c30a20]" started-at="2023-08-13T22:51:04 IST" name="verifyDragandDrop" finished-at="2023-08-13T22:51:21 IST" duration-ms="16747" status="PASS">
          <reporter-output>
          </reporter-output>
        </test-method> <!-- verifyDragandDrop -->
        <test-method is-config="true" signature="closeApplicaton()[pri:0, instance:Demo@23c30a20]" started-at="2023-08-13T22:51:21 IST" name="closeApplicaton" finished-at="2023-08-13T22:51:21 IST" duration-ms="166" status="PASS">
          <reporter-output>
          </reporter-output>
        </test-method> <!-- closeApplicaton -->
      </class> <!-- Demo -->
    </test> <!-- Default test -->
  </suite> <!-- Default suite -->
</testng-results>
